2023-03-18T01:47:54.759+03:00  INFO 40667 --- [restartedMain] c.e.s.SpringBootElasticSearchApplication : Starting SpringBootElasticSearchApplication using Java 19.0.1 with PID 40667 (/Users/mertcan.poyraz/IdeaProjects/SpringBootElasticSearch/build/classes/java/main started by mertcan.poyraz in /Users/mertcan.poyraz/IdeaProjects/SpringBootElasticSearch)
2023-03-18T01:47:54.761+03:00  INFO 40667 --- [restartedMain] c.e.s.SpringBootElasticSearchApplication : No active profile set, falling back to 1 default profile: "default"
2023-03-18T01:47:54.794+03:00  INFO 40667 --- [restartedMain] .e.DevToolsPropertyDefaultsPostProcessor : Devtools property defaults active! Set 'spring.devtools.add-properties' to 'false' to disable
2023-03-18T01:47:54.794+03:00  INFO 40667 --- [restartedMain] .e.DevToolsPropertyDefaultsPostProcessor : For additional web related logging consider setting the 'logging.level.web' property to 'DEBUG'
2023-03-18T01:47:55.857+03:00  INFO 40667 --- [restartedMain] o.s.b.d.a.OptionalLiveReloadServer       : LiveReload server is running on port 35729
2023-03-18T01:47:55.971+03:00  INFO 40667 --- [restartedMain] o.s.b.web.embedded.netty.NettyWebServer  : Netty started on port 8001
2023-03-18T01:47:55.980+03:00  INFO 40667 --- [restartedMain] c.e.s.SpringBootElasticSearchApplication : Started SpringBootElasticSearchApplication in 1.515 seconds (process running for 2.071)
2023-03-18T01:48:14.982+03:00 ERROR 40667 --- [reactor-http-nio-2] a.w.r.e.AbstractErrorWebExceptionHandler : [903db84b-1]  500 Server Error for HTTP GET "/api/car/v1/random"

java.lang.NullPointerException: Cannot invoke "com.enuygun.springbootelasticsearch.service.CarService.generateCar()" because "com.enuygun.springbootelasticsearch.api.server.CarApi.carService" is null
	at com.enuygun.springbootelasticsearch.api.server.CarApi.random(CarApi.java:23) ~[main/:na]
	Suppressed: reactor.core.publisher.FluxOnAssembly$OnAssemblyException: 
Error has been observed at the following site(s):
	*__checkpoint ⇢ HTTP GET "/api/car/v1/random" [ExceptionHandlingWebHandler]
Original Stack Trace:
		at com.enuygun.springbootelasticsearch.api.server.CarApi.random(CarApi.java:23) ~[main/:na]
		at java.base/jdk.internal.reflect.DirectMethodHandleAccessor.invoke(DirectMethodHandleAccessor.java:104) ~[na:na]
		at java.base/java.lang.reflect.Method.invoke(Method.java:578) ~[na:na]
		at org.springframework.web.reactive.result.method.InvocableHandlerMethod.lambda$invoke$0(InvocableHandlerMethod.java:145) ~[spring-webflux-6.0.6.jar:6.0.6]
		at reactor.core.publisher.FluxFlatMap.trySubscribeScalarMap(FluxFlatMap.java:152) ~[reactor-core-3.5.3.jar:3.5.3]
		at reactor.core.publisher.MonoFlatMap.subscribeOrReturn(MonoFlatMap.java:53) ~[reactor-core-3.5.3.jar:3.5.3]
		at reactor.core.publisher.InternalMonoOperator.subscribe(InternalMonoOperator.java:57) ~[reactor-core-3.5.3.jar:3.5.3]
		at reactor.core.publisher.MonoDefer.subscribe(MonoDefer.java:52) ~[reactor-core-3.5.3.jar:3.5.3]
		at reactor.core.publisher.MonoIgnoreThen$ThenIgnoreMain.subscribeNext(MonoIgnoreThen.java:240) ~[reactor-core-3.5.3.jar:3.5.3]
		at reactor.core.publisher.MonoIgnoreThen$ThenIgnoreMain.onComplete(MonoIgnoreThen.java:203) ~[reactor-core-3.5.3.jar:3.5.3]
		at reactor.core.publisher.MonoFlatMap$FlatMapMain.onComplete(MonoFlatMap.java:189) ~[reactor-core-3.5.3.jar:3.5.3]
		at reactor.core.publisher.Operators.complete(Operators.java:137) ~[reactor-core-3.5.3.jar:3.5.3]
		at reactor.core.publisher.MonoZip.subscribe(MonoZip.java:121) ~[reactor-core-3.5.3.jar:3.5.3]
		at reactor.core.publisher.Mono.subscribe(Mono.java:4485) ~[reactor-core-3.5.3.jar:3.5.3]
		at reactor.core.publisher.MonoIgnoreThen$ThenIgnoreMain.subscribeNext(MonoIgnoreThen.java:263) ~[reactor-core-3.5.3.jar:3.5.3]
		at reactor.core.publisher.MonoIgnoreThen.subscribe(MonoIgnoreThen.java:51) ~[reactor-core-3.5.3.jar:3.5.3]
		at reactor.core.publisher.InternalMonoOperator.subscribe(InternalMonoOperator.java:64) ~[reactor-core-3.5.3.jar:3.5.3]
		at reactor.core.publisher.MonoFlatMap$FlatMapMain.onNext(MonoFlatMap.java:165) ~[reactor-core-3.5.3.jar:3.5.3]
		at reactor.core.publisher.FluxOnErrorResume$ResumeSubscriber.onNext(FluxOnErrorResume.java:79) ~[reactor-core-3.5.3.jar:3.5.3]
		at reactor.core.publisher.FluxSwitchIfEmpty$SwitchIfEmptySubscriber.onNext(FluxSwitchIfEmpty.java:74) ~[reactor-core-3.5.3.jar:3.5.3]
		at reactor.core.publisher.MonoNext$NextSubscriber.onNext(MonoNext.java:82) ~[reactor-core-3.5.3.jar:3.5.3]
		at reactor.core.publisher.FluxConcatMapNoPrefetch$FluxConcatMapNoPrefetchSubscriber.innerNext(FluxConcatMapNoPrefetch.java:258) ~[reactor-core-3.5.3.jar:3.5.3]
		at reactor.core.publisher.FluxConcatMap$ConcatMapInner.onNext(FluxConcatMap.java:863) ~[reactor-core-3.5.3.jar:3.5.3]
		at reactor.core.publisher.FluxMapFuseable$MapFuseableSubscriber.onNext(FluxMapFuseable.java:129) ~[reactor-core-3.5.3.jar:3.5.3]
		at reactor.core.publisher.MonoPeekTerminal$MonoTerminalPeekSubscriber.onNext(MonoPeekTerminal.java:180) ~[reactor-core-3.5.3.jar:3.5.3]
		at reactor.core.publisher.Operators$ScalarSubscription.request(Operators.java:2545) ~[reactor-core-3.5.3.jar:3.5.3]
		at reactor.core.publisher.MonoPeekTerminal$MonoTerminalPeekSubscriber.request(MonoPeekTerminal.java:139) ~[reactor-core-3.5.3.jar:3.5.3]
		at reactor.core.publisher.FluxMapFuseable$MapFuseableSubscriber.request(FluxMapFuseable.java:171) ~[reactor-core-3.5.3.jar:3.5.3]
		at reactor.core.publisher.Operators$MultiSubscriptionSubscriber.request(Operators.java:2305) ~[reactor-core-3.5.3.jar:3.5.3]
		at reactor.core.publisher.FluxConcatMapNoPrefetch$FluxConcatMapNoPrefetchSubscriber.request(FluxConcatMapNoPrefetch.java:338) ~[reactor-core-3.5.3.jar:3.5.3]
		at reactor.core.publisher.MonoNext$NextSubscriber.request(MonoNext.java:108) ~[reactor-core-3.5.3.jar:3.5.3]
		at reactor.core.publisher.Operators$MultiSubscriptionSubscriber.set(Operators.java:2341) ~[reactor-core-3.5.3.jar:3.5.3]
		at reactor.core.publisher.Operators$MultiSubscriptionSubscriber.onSubscribe(Operators.java:2215) ~[reactor-core-3.5.3.jar:3.5.3]
		at reactor.core.publisher.MonoNext$NextSubscriber.onSubscribe(MonoNext.java:70) ~[reactor-core-3.5.3.jar:3.5.3]
		at reactor.core.publisher.FluxConcatMapNoPrefetch$FluxConcatMapNoPrefetchSubscriber.onSubscribe(FluxConcatMapNoPrefetch.java:164) ~[reactor-core-3.5.3.jar:3.5.3]
		at reactor.core.publisher.FluxIterable.subscribe(FluxIterable.java:201) ~[reactor-core-3.5.3.jar:3.5.3]
		at reactor.core.publisher.FluxIterable.subscribe(FluxIterable.java:83) ~[reactor-core-3.5.3.jar:3.5.3]
		at reactor.core.publisher.InternalMonoOperator.subscribe(InternalMonoOperator.java:64) ~[reactor-core-3.5.3.jar:3.5.3]
		at reactor.core.publisher.MonoDefer.subscribe(MonoDefer.java:52) ~[reactor-core-3.5.3.jar:3.5.3]
		at reactor.core.publisher.Mono.subscribe(Mono.java:4485) ~[reactor-core-3.5.3.jar:3.5.3]
		at reactor.core.publisher.MonoIgnoreThen$ThenIgnoreMain.subscribeNext(MonoIgnoreThen.java:263) ~[reactor-core-3.5.3.jar:3.5.3]
		at reactor.core.publisher.MonoIgnoreThen.subscribe(MonoIgnoreThen.java:51) ~[reactor-core-3.5.3.jar:3.5.3]
		at reactor.core.publisher.InternalMonoOperator.subscribe(InternalMonoOperator.java:64) ~[reactor-core-3.5.3.jar:3.5.3]
		at reactor.core.publisher.MonoDeferContextual.subscribe(MonoDeferContextual.java:55) ~[reactor-core-3.5.3.jar:3.5.3]
		at reactor.netty.http.server.HttpServer$HttpServerHandle.onStateChange(HttpServer.java:1006) ~[reactor-netty-http-1.1.4.jar:1.1.4]
		at reactor.netty.ReactorNetty$CompositeConnectionObserver.onStateChange(ReactorNetty.java:710) ~[reactor-netty-core-1.1.4.jar:1.1.4]
		at reactor.netty.transport.ServerTransport$ChildObserver.onStateChange(ServerTransport.java:477) ~[reactor-netty-core-1.1.4.jar:1.1.4]
		at reactor.netty.http.server.HttpServerOperations.onInboundNext(HttpServerOperations.java:633) ~[reactor-netty-http-1.1.4.jar:1.1.4]
		at reactor.netty.channel.ChannelOperationsHandler.channelRead(ChannelOperationsHandler.java:113) ~[reactor-netty-core-1.1.4.jar:1.1.4]
		at io.netty.channel.AbstractChannelHandlerContext.invokeChannelRead(AbstractChannelHandlerContext.java:444) ~[netty-transport-4.1.89.Final.jar:4.1.89.Final]
		at io.netty.channel.AbstractChannelHandlerContext.invokeChannelRead(AbstractChannelHandlerContext.java:420) ~[netty-transport-4.1.89.Final.jar:4.1.89.Final]
		at io.netty.channel.AbstractChannelHandlerContext.fireChannelRead(AbstractChannelHandlerContext.java:412) ~[netty-transport-4.1.89.Final.jar:4.1.89.Final]
		at reactor.netty.http.server.HttpTrafficHandler.channelRead(HttpTrafficHandler.java:228) ~[reactor-netty-http-1.1.4.jar:1.1.4]
		at io.netty.channel.AbstractChannelHandlerContext.invokeChannelRead(AbstractChannelHandlerContext.java:442) ~[netty-transport-4.1.89.Final.jar:4.1.89.Final]
		at io.netty.channel.AbstractChannelHandlerContext.invokeChannelRead(AbstractChannelHandlerContext.java:420) ~[netty-transport-4.1.89.Final.jar:4.1.89.Final]
		at io.netty.channel.AbstractChannelHandlerContext.fireChannelRead(AbstractChannelHandlerContext.java:412) ~[netty-transport-4.1.89.Final.jar:4.1.89.Final]
		at io.netty.channel.CombinedChannelDuplexHandler$DelegatingChannelHandlerContext.fireChannelRead(CombinedChannelDuplexHandler.java:436) ~[netty-transport-4.1.89.Final.jar:4.1.89.Final]
		at io.netty.handler.codec.ByteToMessageDecoder.fireChannelRead(ByteToMessageDecoder.java:346) ~[netty-codec-4.1.89.Final.jar:4.1.89.Final]
		at io.netty.handler.codec.ByteToMessageDecoder.channelRead(ByteToMessageDecoder.java:318) ~[netty-codec-4.1.89.Final.jar:4.1.89.Final]
		at io.netty.channel.CombinedChannelDuplexHandler.channelRead(CombinedChannelDuplexHandler.java:251) ~[netty-transport-4.1.89.Final.jar:4.1.89.Final]
		at io.netty.channel.AbstractChannelHandlerContext.invokeChannelRead(AbstractChannelHandlerContext.java:442) ~[netty-transport-4.1.89.Final.jar:4.1.89.Final]
		at io.netty.channel.AbstractChannelHandlerContext.invokeChannelRead(AbstractChannelHandlerContext.java:420) ~[netty-transport-4.1.89.Final.jar:4.1.89.Final]
		at io.netty.channel.AbstractChannelHandlerContext.fireChannelRead(AbstractChannelHandlerContext.java:412) ~[netty-transport-4.1.89.Final.jar:4.1.89.Final]
		at io.netty.channel.DefaultChannelPipeline$HeadContext.channelRead(DefaultChannelPipeline.java:1410) ~[netty-transport-4.1.89.Final.jar:4.1.89.Final]
		at io.netty.channel.AbstractChannelHandlerContext.invokeChannelRead(AbstractChannelHandlerContext.java:440) ~[netty-transport-4.1.89.Final.jar:4.1.89.Final]
		at io.netty.channel.AbstractChannelHandlerContext.invokeChannelRead(AbstractChannelHandlerContext.java:420) ~[netty-transport-4.1.89.Final.jar:4.1.89.Final]
		at io.netty.channel.DefaultChannelPipeline.fireChannelRead(DefaultChannelPipeline.java:919) ~[netty-transport-4.1.89.Final.jar:4.1.89.Final]
		at io.netty.channel.nio.AbstractNioByteChannel$NioByteUnsafe.read(AbstractNioByteChannel.java:166) ~[netty-transport-4.1.89.Final.jar:4.1.89.Final]
		at io.netty.channel.nio.NioEventLoop.processSelectedKey(NioEventLoop.java:788) ~[netty-transport-4.1.89.Final.jar:4.1.89.Final]
		at io.netty.channel.nio.NioEventLoop.processSelectedKeysOptimized(NioEventLoop.java:724) ~[netty-transport-4.1.89.Final.jar:4.1.89.Final]
		at io.netty.channel.nio.NioEventLoop.processSelectedKeys(NioEventLoop.java:650) ~[netty-transport-4.1.89.Final.jar:4.1.89.Final]
		at io.netty.channel.nio.NioEventLoop.run(NioEventLoop.java:562) ~[netty-transport-4.1.89.Final.jar:4.1.89.Final]
		at io.netty.util.concurrent.SingleThreadEventExecutor$4.run(SingleThreadEventExecutor.java:997) ~[netty-common-4.1.89.Final.jar:4.1.89.Final]
		at io.netty.util.internal.ThreadExecutorMap$2.run(ThreadExecutorMap.java:74) ~[netty-common-4.1.89.Final.jar:4.1.89.Final]
		at io.netty.util.concurrent.FastThreadLocalRunnable.run(FastThreadLocalRunnable.java:30) ~[netty-common-4.1.89.Final.jar:4.1.89.Final]
		at java.base/java.lang.Thread.run(Thread.java:1589) ~[na:na]

2023-03-18T01:49:05.109+03:00  INFO 40764 --- [restartedMain] c.e.s.SpringBootElasticSearchApplication : Starting SpringBootElasticSearchApplication using Java 19.0.1 with PID 40764 (/Users/mertcan.poyraz/IdeaProjects/SpringBootElasticSearch/build/classes/java/main started by mertcan.poyraz in /Users/mertcan.poyraz/IdeaProjects/SpringBootElasticSearch)
2023-03-18T01:49:05.111+03:00  INFO 40764 --- [restartedMain] c.e.s.SpringBootElasticSearchApplication : No active profile set, falling back to 1 default profile: "default"
2023-03-18T01:49:05.153+03:00  INFO 40764 --- [restartedMain] .e.DevToolsPropertyDefaultsPostProcessor : Devtools property defaults active! Set 'spring.devtools.add-properties' to 'false' to disable
2023-03-18T01:49:05.169+03:00  INFO 40764 --- [restartedMain] .e.DevToolsPropertyDefaultsPostProcessor : For additional web related logging consider setting the 'logging.level.web' property to 'DEBUG'
2023-03-18T01:49:06.095+03:00  INFO 40764 --- [restartedMain] o.s.b.d.a.OptionalLiveReloadServer       : LiveReload server is running on port 35729
2023-03-18T01:49:06.192+03:00  INFO 40764 --- [restartedMain] o.s.b.web.embedded.netty.NettyWebServer  : Netty started on port 8001
2023-03-18T01:49:06.200+03:00  INFO 40764 --- [restartedMain] c.e.s.SpringBootElasticSearchApplication : Started SpringBootElasticSearchApplication in 1.432 seconds (process running for 1.952)
2023-03-18T01:49:40.518+03:00  INFO 40819 --- [restartedMain] c.e.s.SpringBootElasticSearchApplication : Starting SpringBootElasticSearchApplication using Java 19.0.1 with PID 40819 (/Users/mertcan.poyraz/IdeaProjects/SpringBootElasticSearch/build/classes/java/main started by mertcan.poyraz in /Users/mertcan.poyraz/IdeaProjects/SpringBootElasticSearch)
2023-03-18T01:49:40.519+03:00  INFO 40819 --- [restartedMain] c.e.s.SpringBootElasticSearchApplication : No active profile set, falling back to 1 default profile: "default"
2023-03-18T01:49:40.551+03:00  INFO 40819 --- [restartedMain] .e.DevToolsPropertyDefaultsPostProcessor : Devtools property defaults active! Set 'spring.devtools.add-properties' to 'false' to disable
2023-03-18T01:49:40.551+03:00  INFO 40819 --- [restartedMain] .e.DevToolsPropertyDefaultsPostProcessor : For additional web related logging consider setting the 'logging.level.web' property to 'DEBUG'
2023-03-18T01:49:41.593+03:00  INFO 40819 --- [restartedMain] o.s.b.d.a.OptionalLiveReloadServer       : LiveReload server is running on port 35729
2023-03-18T01:49:41.694+03:00  INFO 40819 --- [restartedMain] o.s.b.web.embedded.netty.NettyWebServer  : Netty started on port 8001
2023-03-18T01:49:41.703+03:00  INFO 40819 --- [restartedMain] c.e.s.SpringBootElasticSearchApplication : Started SpringBootElasticSearchApplication in 1.559 seconds (process running for 2.08)
2023-03-18T01:50:33.889+03:00  INFO 40895 --- [restartedMain] c.e.s.SpringBootElasticSearchApplication : Starting SpringBootElasticSearchApplication using Java 19.0.1 with PID 40895 (/Users/mertcan.poyraz/IdeaProjects/SpringBootElasticSearch/build/classes/java/main started by mertcan.poyraz in /Users/mertcan.poyraz/IdeaProjects/SpringBootElasticSearch)
2023-03-18T01:50:33.891+03:00  INFO 40895 --- [restartedMain] c.e.s.SpringBootElasticSearchApplication : No active profile set, falling back to 1 default profile: "default"
2023-03-18T01:50:33.924+03:00  INFO 40895 --- [restartedMain] .e.DevToolsPropertyDefaultsPostProcessor : Devtools property defaults active! Set 'spring.devtools.add-properties' to 'false' to disable
2023-03-18T01:50:33.924+03:00  INFO 40895 --- [restartedMain] .e.DevToolsPropertyDefaultsPostProcessor : For additional web related logging consider setting the 'logging.level.web' property to 'DEBUG'
2023-03-18T01:50:34.824+03:00  INFO 40895 --- [restartedMain] o.s.b.d.a.OptionalLiveReloadServer       : LiveReload server is running on port 35729
2023-03-18T01:50:34.921+03:00  INFO 40895 --- [restartedMain] o.s.b.web.embedded.netty.NettyWebServer  : Netty started on port 8001
2023-03-18T01:50:34.929+03:00  INFO 40895 --- [restartedMain] c.e.s.SpringBootElasticSearchApplication : Started SpringBootElasticSearchApplication in 1.339 seconds (process running for 1.805)
2023-03-18T01:55:53.815+03:00  INFO 41327 --- [restartedMain] c.e.s.SpringBootElasticSearchApplication : Starting SpringBootElasticSearchApplication using Java 19.0.1 with PID 41327 (/Users/mertcan.poyraz/IdeaProjects/SpringBootElasticSearch/build/classes/java/main started by mertcan.poyraz in /Users/mertcan.poyraz/IdeaProjects/SpringBootElasticSearch)
2023-03-18T01:55:53.817+03:00  INFO 41327 --- [restartedMain] c.e.s.SpringBootElasticSearchApplication : No active profile set, falling back to 1 default profile: "default"
2023-03-18T01:55:53.865+03:00  INFO 41327 --- [restartedMain] .e.DevToolsPropertyDefaultsPostProcessor : Devtools property defaults active! Set 'spring.devtools.add-properties' to 'false' to disable
2023-03-18T01:55:53.866+03:00  INFO 41327 --- [restartedMain] .e.DevToolsPropertyDefaultsPostProcessor : For additional web related logging consider setting the 'logging.level.web' property to 'DEBUG'
2023-03-18T01:55:54.872+03:00  INFO 41327 --- [restartedMain] o.s.b.d.a.OptionalLiveReloadServer       : LiveReload server is running on port 35729
2023-03-18T01:55:54.964+03:00  INFO 41327 --- [restartedMain] o.s.b.web.embedded.netty.NettyWebServer  : Netty started on port 8001
2023-03-18T01:55:54.971+03:00  INFO 41327 --- [restartedMain] c.e.s.SpringBootElasticSearchApplication : Started SpringBootElasticSearchApplication in 1.517 seconds (process running for 2.048)
2023-03-18T01:57:04.141+03:00  INFO 41327 --- [reactor-http-nio-2] c.e.s.api.server.DefaultRestApi          : Hello this is Spring Boot REST API
2023-03-18T02:25:20.897+03:00  INFO 43693 --- [restartedMain] c.e.s.SpringBootElasticSearchApplication : Starting SpringBootElasticSearchApplication using Java 19.0.1 with PID 43693 (/Users/mertcan.poyraz/IdeaProjects/SpringBootElasticSearch/build/classes/java/main started by mertcan.poyraz in /Users/mertcan.poyraz/IdeaProjects/SpringBootElasticSearch)
2023-03-18T02:25:20.898+03:00  INFO 43693 --- [restartedMain] c.e.s.SpringBootElasticSearchApplication : No active profile set, falling back to 1 default profile: "default"
2023-03-18T02:25:20.936+03:00  INFO 43693 --- [restartedMain] .e.DevToolsPropertyDefaultsPostProcessor : Devtools property defaults active! Set 'spring.devtools.add-properties' to 'false' to disable
2023-03-18T02:25:20.936+03:00  INFO 43693 --- [restartedMain] .e.DevToolsPropertyDefaultsPostProcessor : For additional web related logging consider setting the 'logging.level.web' property to 'DEBUG'
2023-03-18T02:25:22.002+03:00  INFO 43693 --- [restartedMain] o.s.b.d.a.OptionalLiveReloadServer       : LiveReload server is running on port 35729
2023-03-18T02:25:22.111+03:00  INFO 43693 --- [restartedMain] o.s.b.web.embedded.netty.NettyWebServer  : Netty started on port 8001
2023-03-18T02:25:22.120+03:00  INFO 43693 --- [restartedMain] c.e.s.SpringBootElasticSearchApplication : Started SpringBootElasticSearchApplication in 1.589 seconds (process running for 2.203)
2023-03-18T02:25:35.495+03:00  INFO 43693 --- [reactor-http-nio-2] c.e.s.api.server.CarApi                  : Car is Car(brand=Mercedes, color=Green, type=Sport)
2023-03-18T02:27:05.276+03:00  INFO 43693 --- [reactor-http-nio-2] c.e.s.api.server.CarApi                  : Car is Car(brand=Mercedes, color=Green, type=Sport)
2023-03-18T02:27:06.148+03:00  INFO 43693 --- [reactor-http-nio-2] c.e.s.api.server.CarApi                  : Car is Car(brand=Mercedes, color=Green, type=Sport)
2023-03-18T02:30:28.172+03:00  INFO 43693 --- [reactor-http-nio-3] c.e.s.api.server.CarApi                  : Car is Car(brand=Mercedes, color=Green, type=Sport)
2023-03-18T16:46:08.800+03:00  INFO 43693 --- [reactor-http-nio-6] c.e.s.api.server.CarApi                  : Car is Car(brand=Mercedes, color=Green, type=Sport)
2023-03-18T16:50:49.685+03:00  INFO 51087 --- [restartedMain] c.e.s.SpringBootElasticSearchApplication : Starting SpringBootElasticSearchApplication using Java 19.0.1 with PID 51087 (/Users/mertcan.poyraz/IdeaProjects/SpringBootElasticSearch/build/classes/java/main started by mertcan.poyraz in /Users/mertcan.poyraz/IdeaProjects/SpringBootElasticSearch)
2023-03-18T16:50:49.687+03:00  INFO 51087 --- [restartedMain] c.e.s.SpringBootElasticSearchApplication : No active profile set, falling back to 1 default profile: "default"
2023-03-18T16:50:49.736+03:00  INFO 51087 --- [restartedMain] .e.DevToolsPropertyDefaultsPostProcessor : Devtools property defaults active! Set 'spring.devtools.add-properties' to 'false' to disable
2023-03-18T16:50:49.737+03:00  INFO 51087 --- [restartedMain] .e.DevToolsPropertyDefaultsPostProcessor : For additional web related logging consider setting the 'logging.level.web' property to 'DEBUG'
2023-03-18T16:50:51.073+03:00  INFO 51087 --- [restartedMain] o.s.b.d.a.OptionalLiveReloadServer       : LiveReload server is running on port 35729
2023-03-18T16:50:51.201+03:00  INFO 51087 --- [restartedMain] o.s.b.web.embedded.netty.NettyWebServer  : Netty started on port 8001
2023-03-18T16:50:51.210+03:00  INFO 51087 --- [restartedMain] c.e.s.SpringBootElasticSearchApplication : Started SpringBootElasticSearchApplication in 2.005 seconds (process running for 2.823)
2023-03-18T16:50:55.055+03:00  INFO 51087 --- [reactor-http-nio-2] c.e.s.api.server.CarApi                  : Car is Car(brand=Mercedes, color=Green, type=Sport, available=false, firstReleaseDate=null)
2023-03-18T16:52:58.301+03:00  INFO 51262 --- [restartedMain] c.e.s.SpringBootElasticSearchApplication : Starting SpringBootElasticSearchApplication using Java 19.0.1 with PID 51262 (/Users/mertcan.poyraz/IdeaProjects/SpringBootElasticSearch/build/classes/java/main started by mertcan.poyraz in /Users/mertcan.poyraz/IdeaProjects/SpringBootElasticSearch)
2023-03-18T16:52:58.303+03:00  INFO 51262 --- [restartedMain] c.e.s.SpringBootElasticSearchApplication : No active profile set, falling back to 1 default profile: "default"
2023-03-18T16:52:58.345+03:00  INFO 51262 --- [restartedMain] .e.DevToolsPropertyDefaultsPostProcessor : Devtools property defaults active! Set 'spring.devtools.add-properties' to 'false' to disable
2023-03-18T16:52:58.345+03:00  INFO 51262 --- [restartedMain] .e.DevToolsPropertyDefaultsPostProcessor : For additional web related logging consider setting the 'logging.level.web' property to 'DEBUG'
2023-03-18T16:52:59.371+03:00  INFO 51262 --- [restartedMain] o.s.b.d.a.OptionalLiveReloadServer       : LiveReload server is running on port 35729
2023-03-18T16:52:59.468+03:00  INFO 51262 --- [restartedMain] o.s.b.web.embedded.netty.NettyWebServer  : Netty started on port 8001
2023-03-18T16:52:59.490+03:00  INFO 51262 --- [restartedMain] c.e.s.SpringBootElasticSearchApplication : Started SpringBootElasticSearchApplication in 1.569 seconds (process running for 2.12)
2023-03-18T16:53:05.403+03:00  INFO 51262 --- [reactor-http-nio-2] c.e.s.api.server.CarApi                  : Car is Car(brand=Mercedes, color=Green, type=Sport, available=false, firstReleaseDate=null)
2023-03-18T17:00:24.209+03:00  INFO 51853 --- [restartedMain] c.e.s.SpringBootElasticSearchApplication : Starting SpringBootElasticSearchApplication using Java 19.0.1 with PID 51853 (/Users/mertcan.poyraz/IdeaProjects/SpringBootElasticSearch/build/classes/java/main started by mertcan.poyraz in /Users/mertcan.poyraz/IdeaProjects/SpringBootElasticSearch)
2023-03-18T17:00:24.211+03:00  INFO 51853 --- [restartedMain] c.e.s.SpringBootElasticSearchApplication : No active profile set, falling back to 1 default profile: "default"
2023-03-18T17:00:24.272+03:00  INFO 51853 --- [restartedMain] .e.DevToolsPropertyDefaultsPostProcessor : Devtools property defaults active! Set 'spring.devtools.add-properties' to 'false' to disable
2023-03-18T17:00:24.272+03:00  INFO 51853 --- [restartedMain] .e.DevToolsPropertyDefaultsPostProcessor : For additional web related logging consider setting the 'logging.level.web' property to 'DEBUG'
2023-03-18T17:00:25.602+03:00  INFO 51853 --- [restartedMain] o.s.b.d.a.OptionalLiveReloadServer       : LiveReload server is running on port 35729
2023-03-18T17:00:25.709+03:00  INFO 51853 --- [restartedMain] o.s.b.web.embedded.netty.NettyWebServer  : Netty started on port 8001
2023-03-18T17:00:25.719+03:00  INFO 51853 --- [restartedMain] c.e.s.SpringBootElasticSearchApplication : Started SpringBootElasticSearchApplication in 1.956 seconds (process running for 2.645)
2023-03-18T17:00:29.916+03:00  INFO 51853 --- [reactor-http-nio-2] c.e.s.api.server.CarApi                  : Car is Car(brand=Mercedes, color=Green, type=Sport, price=0, available=false, firstReleaseDate=null)
2023-03-18T17:00:33.613+03:00  INFO 51853 --- [reactor-http-nio-2] c.e.s.api.server.CarApi                  : Car is Car(brand=Mercedes, color=Green, type=Sport, price=0, available=false, firstReleaseDate=null)
2023-03-18T17:00:34.485+03:00  INFO 51853 --- [reactor-http-nio-2] c.e.s.api.server.CarApi                  : Car is Car(brand=Mercedes, color=Green, type=Sport, price=0, available=false, firstReleaseDate=null)
2023-03-18T17:11:06.066+03:00  INFO 52756 --- [restartedMain] c.e.s.SpringBootElasticSearchApplication : Starting SpringBootElasticSearchApplication using Java 19.0.1 with PID 52756 (/Users/mertcan.poyraz/IdeaProjects/SpringBootElasticSearch/build/classes/java/main started by mertcan.poyraz in /Users/mertcan.poyraz/IdeaProjects/SpringBootElasticSearch)
2023-03-18T17:11:06.069+03:00  INFO 52756 --- [restartedMain] c.e.s.SpringBootElasticSearchApplication : No active profile set, falling back to 1 default profile: "default"
2023-03-18T17:11:06.125+03:00  INFO 52756 --- [restartedMain] .e.DevToolsPropertyDefaultsPostProcessor : Devtools property defaults active! Set 'spring.devtools.add-properties' to 'false' to disable
2023-03-18T17:11:06.125+03:00  INFO 52756 --- [restartedMain] .e.DevToolsPropertyDefaultsPostProcessor : For additional web related logging consider setting the 'logging.level.web' property to 'DEBUG'
2023-03-18T17:11:07.312+03:00  INFO 52756 --- [restartedMain] o.s.b.d.a.OptionalLiveReloadServer       : LiveReload server is running on port 35729
2023-03-18T17:11:07.428+03:00  INFO 52756 --- [restartedMain] o.s.b.web.embedded.netty.NettyWebServer  : Netty started on port 8001
2023-03-18T17:11:07.438+03:00  INFO 52756 --- [restartedMain] c.e.s.SpringBootElasticSearchApplication : Started SpringBootElasticSearchApplication in 1.798 seconds (process running for 2.379)
2023-03-18T17:11:35.571+03:00  INFO 52756 --- [reactor-http-nio-2] c.e.s.api.server.CarApi                  : Car is Car(brand=Mercedes, color=Green, type=Sport, price=0, available=false, firstReleaseDate=null)
2023-03-18T17:11:46.407+03:00  INFO 52804 --- [restartedMain] c.e.s.SpringBootElasticSearchApplication : Starting SpringBootElasticSearchApplication using Java 19.0.1 with PID 52804 (/Users/mertcan.poyraz/IdeaProjects/SpringBootElasticSearch/build/classes/java/main started by mertcan.poyraz in /Users/mertcan.poyraz/IdeaProjects/SpringBootElasticSearch)
2023-03-18T17:11:46.409+03:00  INFO 52804 --- [restartedMain] c.e.s.SpringBootElasticSearchApplication : No active profile set, falling back to 1 default profile: "default"
2023-03-18T17:11:46.450+03:00  INFO 52804 --- [restartedMain] .e.DevToolsPropertyDefaultsPostProcessor : Devtools property defaults active! Set 'spring.devtools.add-properties' to 'false' to disable
2023-03-18T17:11:46.451+03:00  INFO 52804 --- [restartedMain] .e.DevToolsPropertyDefaultsPostProcessor : For additional web related logging consider setting the 'logging.level.web' property to 'DEBUG'
2023-03-18T17:11:47.469+03:00  INFO 52804 --- [restartedMain] o.s.b.d.a.OptionalLiveReloadServer       : LiveReload server is running on port 35729
2023-03-18T17:11:47.561+03:00  INFO 52804 --- [restartedMain] o.s.b.web.embedded.netty.NettyWebServer  : Netty started on port 8001
2023-03-18T17:11:47.570+03:00  INFO 52804 --- [restartedMain] c.e.s.SpringBootElasticSearchApplication : Started SpringBootElasticSearchApplication in 1.548 seconds (process running for 2.098)
2023-03-18T17:12:00.191+03:00  INFO 52804 --- [reactor-http-nio-2] c.e.s.api.server.CarApi                  : Car is Car(brand=Mercedes, color=Green, type=Sport, price=0, available=false, firstReleaseDate=null)
2023-03-18T17:12:01.281+03:00  INFO 52804 --- [reactor-http-nio-2] c.e.s.api.server.CarApi                  : Car is Car(brand=Mercedes, color=Green, type=Sport, price=0, available=false, firstReleaseDate=null)
2023-03-18T17:23:04.982+03:00  INFO 53833 --- [restartedMain] c.e.s.SpringBootElasticSearchApplication : Starting SpringBootElasticSearchApplication using Java 19.0.1 with PID 53833 (/Users/mertcan.poyraz/IdeaProjects/SpringBootElasticSearch/build/classes/java/main started by mertcan.poyraz in /Users/mertcan.poyraz/IdeaProjects/SpringBootElasticSearch)
2023-03-18T17:23:04.984+03:00  INFO 53833 --- [restartedMain] c.e.s.SpringBootElasticSearchApplication : No active profile set, falling back to 1 default profile: "default"
2023-03-18T17:23:05.034+03:00  INFO 53833 --- [restartedMain] .e.DevToolsPropertyDefaultsPostProcessor : Devtools property defaults active! Set 'spring.devtools.add-properties' to 'false' to disable
2023-03-18T17:23:05.034+03:00  INFO 53833 --- [restartedMain] .e.DevToolsPropertyDefaultsPostProcessor : For additional web related logging consider setting the 'logging.level.web' property to 'DEBUG'
2023-03-18T17:23:06.176+03:00  INFO 53833 --- [restartedMain] o.s.b.d.a.OptionalLiveReloadServer       : LiveReload server is running on port 35729
2023-03-18T17:23:06.283+03:00  INFO 53833 --- [restartedMain] o.s.b.web.embedded.netty.NettyWebServer  : Netty started on port 8001
2023-03-18T17:23:06.293+03:00  INFO 53833 --- [restartedMain] c.e.s.SpringBootElasticSearchApplication : Started SpringBootElasticSearchApplication in 1.73 seconds (process running for 2.323)
2023-03-18T17:30:03.705+03:00  INFO 54387 --- [restartedMain] c.e.s.SpringBootElasticSearchApplication : Starting SpringBootElasticSearchApplication using Java 19.0.1 with PID 54387 (/Users/mertcan.poyraz/IdeaProjects/SpringBootElasticSearch/build/classes/java/main started by mertcan.poyraz in /Users/mertcan.poyraz/IdeaProjects/SpringBootElasticSearch)
2023-03-18T17:30:03.707+03:00  INFO 54387 --- [restartedMain] c.e.s.SpringBootElasticSearchApplication : No active profile set, falling back to 1 default profile: "default"
2023-03-18T17:30:03.756+03:00  INFO 54387 --- [restartedMain] .e.DevToolsPropertyDefaultsPostProcessor : Devtools property defaults active! Set 'spring.devtools.add-properties' to 'false' to disable
2023-03-18T17:30:03.756+03:00  INFO 54387 --- [restartedMain] .e.DevToolsPropertyDefaultsPostProcessor : For additional web related logging consider setting the 'logging.level.web' property to 'DEBUG'
2023-03-18T17:30:04.902+03:00  INFO 54387 --- [restartedMain] o.s.b.d.a.OptionalLiveReloadServer       : LiveReload server is running on port 35729
2023-03-18T17:30:05.013+03:00  INFO 54387 --- [restartedMain] o.s.b.web.embedded.netty.NettyWebServer  : Netty started on port 8001
2023-03-18T17:30:05.022+03:00  INFO 54387 --- [restartedMain] c.e.s.SpringBootElasticSearchApplication : Started SpringBootElasticSearchApplication in 1.722 seconds (process running for 2.324)
2023-03-18T17:45:56.354+03:00  INFO 55772 --- [restartedMain] c.e.s.SpringBootElasticSearchApplication : Starting SpringBootElasticSearchApplication using Java 19.0.1 with PID 55772 (/Users/mertcan.poyraz/IdeaProjects/SpringBootElasticSearch/build/classes/java/main started by mertcan.poyraz in /Users/mertcan.poyraz/IdeaProjects/SpringBootElasticSearch)
2023-03-18T17:45:56.357+03:00  INFO 55772 --- [restartedMain] c.e.s.SpringBootElasticSearchApplication : No active profile set, falling back to 1 default profile: "default"
2023-03-18T17:45:56.410+03:00  INFO 55772 --- [restartedMain] .e.DevToolsPropertyDefaultsPostProcessor : Devtools property defaults active! Set 'spring.devtools.add-properties' to 'false' to disable
2023-03-18T17:45:56.410+03:00  INFO 55772 --- [restartedMain] .e.DevToolsPropertyDefaultsPostProcessor : For additional web related logging consider setting the 'logging.level.web' property to 'DEBUG'
2023-03-18T17:45:57.639+03:00  INFO 55772 --- [restartedMain] o.s.b.d.a.OptionalLiveReloadServer       : LiveReload server is running on port 35729
2023-03-18T17:45:57.749+03:00  INFO 55772 --- [restartedMain] o.s.b.web.embedded.netty.NettyWebServer  : Netty started on port 8001
2023-03-18T17:45:57.759+03:00  INFO 55772 --- [restartedMain] c.e.s.SpringBootElasticSearchApplication : Started SpringBootElasticSearchApplication in 1.819 seconds (process running for 2.56)
2023-03-18T17:47:57.944+03:00  INFO 55923 --- [restartedMain] c.e.s.SpringBootElasticSearchApplication : Starting SpringBootElasticSearchApplication using Java 19.0.1 with PID 55923 (/Users/mertcan.poyraz/IdeaProjects/SpringBootElasticSearch/build/classes/java/main started by mertcan.poyraz in /Users/mertcan.poyraz/IdeaProjects/SpringBootElasticSearch)
2023-03-18T17:47:57.946+03:00  INFO 55923 --- [restartedMain] c.e.s.SpringBootElasticSearchApplication : No active profile set, falling back to 1 default profile: "default"
2023-03-18T17:47:57.994+03:00  INFO 55923 --- [restartedMain] .e.DevToolsPropertyDefaultsPostProcessor : Devtools property defaults active! Set 'spring.devtools.add-properties' to 'false' to disable
2023-03-18T17:47:57.994+03:00  INFO 55923 --- [restartedMain] .e.DevToolsPropertyDefaultsPostProcessor : For additional web related logging consider setting the 'logging.level.web' property to 'DEBUG'
2023-03-18T17:47:59.137+03:00  INFO 55923 --- [restartedMain] o.s.b.d.a.OptionalLiveReloadServer       : LiveReload server is running on port 35729
2023-03-18T17:47:59.248+03:00  INFO 55923 --- [restartedMain] o.s.b.web.embedded.netty.NettyWebServer  : Netty started on port 8001
2023-03-18T17:47:59.257+03:00  INFO 55923 --- [restartedMain] c.e.s.SpringBootElasticSearchApplication : Started SpringBootElasticSearchApplication in 1.719 seconds (process running for 2.294)
2023-03-18T18:17:55.355+03:00  INFO 58210 --- [restartedMain] c.e.s.SpringBootElasticSearchApplication : Starting SpringBootElasticSearchApplication using Java 19.0.1 with PID 58210 (/Users/mertcan.poyraz/IdeaProjects/SpringBootElasticSearch/build/classes/java/main started by mertcan.poyraz in /Users/mertcan.poyraz/IdeaProjects/SpringBootElasticSearch)
2023-03-18T18:17:55.357+03:00  INFO 58210 --- [restartedMain] c.e.s.SpringBootElasticSearchApplication : No active profile set, falling back to 1 default profile: "default"
2023-03-18T18:17:55.406+03:00  INFO 58210 --- [restartedMain] .e.DevToolsPropertyDefaultsPostProcessor : Devtools property defaults active! Set 'spring.devtools.add-properties' to 'false' to disable
2023-03-18T18:17:55.406+03:00  INFO 58210 --- [restartedMain] .e.DevToolsPropertyDefaultsPostProcessor : For additional web related logging consider setting the 'logging.level.web' property to 'DEBUG'
2023-03-18T18:17:56.596+03:00  INFO 58210 --- [restartedMain] o.s.b.d.a.OptionalLiveReloadServer       : LiveReload server is running on port 35729
2023-03-18T18:17:56.709+03:00  INFO 58210 --- [restartedMain] o.s.b.web.embedded.netty.NettyWebServer  : Netty started on port 8001
2023-03-18T18:17:56.718+03:00  INFO 58210 --- [restartedMain] c.e.s.SpringBootElasticSearchApplication : Started SpringBootElasticSearchApplication in 1.791 seconds (process running for 2.435)
2023-03-18T18:24:21.620+03:00  INFO 58763 --- [restartedMain] c.e.s.SpringBootElasticSearchApplication : Starting SpringBootElasticSearchApplication using Java 19.0.1 with PID 58763 (/Users/mertcan.poyraz/IdeaProjects/SpringBootElasticSearch/build/classes/java/main started by mertcan.poyraz in /Users/mertcan.poyraz/IdeaProjects/SpringBootElasticSearch)
2023-03-18T18:24:21.623+03:00  INFO 58763 --- [restartedMain] c.e.s.SpringBootElasticSearchApplication : No active profile set, falling back to 1 default profile: "default"
2023-03-18T18:24:21.691+03:00  INFO 58763 --- [restartedMain] .e.DevToolsPropertyDefaultsPostProcessor : Devtools property defaults active! Set 'spring.devtools.add-properties' to 'false' to disable
2023-03-18T18:24:21.691+03:00  INFO 58763 --- [restartedMain] .e.DevToolsPropertyDefaultsPostProcessor : For additional web related logging consider setting the 'logging.level.web' property to 'DEBUG'
2023-03-18T18:24:22.914+03:00  INFO 58763 --- [restartedMain] o.s.b.d.a.OptionalLiveReloadServer       : LiveReload server is running on port 35729
2023-03-18T18:24:23.020+03:00  INFO 58763 --- [restartedMain] o.s.b.web.embedded.netty.NettyWebServer  : Netty started on port 8001
2023-03-18T18:24:23.029+03:00  INFO 58763 --- [restartedMain] c.e.s.SpringBootElasticSearchApplication : Started SpringBootElasticSearchApplication in 1.937 seconds (process running for 2.588)
2023-03-18T18:25:53.777+03:00  INFO 58888 --- [restartedMain] c.e.s.SpringBootElasticSearchApplication : Starting SpringBootElasticSearchApplication using Java 19.0.1 with PID 58888 (/Users/mertcan.poyraz/IdeaProjects/SpringBootElasticSearch/build/classes/java/main started by mertcan.poyraz in /Users/mertcan.poyraz/IdeaProjects/SpringBootElasticSearch)
2023-03-18T18:25:53.779+03:00  INFO 58888 --- [restartedMain] c.e.s.SpringBootElasticSearchApplication : No active profile set, falling back to 1 default profile: "default"
2023-03-18T18:25:53.855+03:00  INFO 58888 --- [restartedMain] .e.DevToolsPropertyDefaultsPostProcessor : Devtools property defaults active! Set 'spring.devtools.add-properties' to 'false' to disable
2023-03-18T18:25:53.855+03:00  INFO 58888 --- [restartedMain] .e.DevToolsPropertyDefaultsPostProcessor : For additional web related logging consider setting the 'logging.level.web' property to 'DEBUG'
2023-03-18T18:25:55.085+03:00  INFO 58888 --- [restartedMain] o.s.b.d.a.OptionalLiveReloadServer       : LiveReload server is running on port 35729
2023-03-18T18:25:55.193+03:00  INFO 58888 --- [restartedMain] o.s.b.web.embedded.netty.NettyWebServer  : Netty started on port 8001
2023-03-18T18:25:55.202+03:00  INFO 58888 --- [restartedMain] c.e.s.SpringBootElasticSearchApplication : Started SpringBootElasticSearchApplication in 1.86 seconds (process running for 2.614)
2023-03-18T18:30:57.706+03:00  INFO 59296 --- [restartedMain] c.e.s.SpringBootElasticSearchApplication : Starting SpringBootElasticSearchApplication using Java 19.0.1 with PID 59296 (/Users/mertcan.poyraz/IdeaProjects/SpringBootElasticSearch/build/classes/java/main started by mertcan.poyraz in /Users/mertcan.poyraz/IdeaProjects/SpringBootElasticSearch)
2023-03-18T18:30:57.708+03:00  INFO 59296 --- [restartedMain] c.e.s.SpringBootElasticSearchApplication : No active profile set, falling back to 1 default profile: "default"
2023-03-18T18:30:57.758+03:00  INFO 59296 --- [restartedMain] .e.DevToolsPropertyDefaultsPostProcessor : Devtools property defaults active! Set 'spring.devtools.add-properties' to 'false' to disable
2023-03-18T18:30:57.758+03:00  INFO 59296 --- [restartedMain] .e.DevToolsPropertyDefaultsPostProcessor : For additional web related logging consider setting the 'logging.level.web' property to 'DEBUG'
2023-03-18T18:30:58.933+03:00  INFO 59296 --- [restartedMain] o.s.b.d.a.OptionalLiveReloadServer       : LiveReload server is running on port 35729
2023-03-18T18:30:59.042+03:00  INFO 59296 --- [restartedMain] o.s.b.web.embedded.netty.NettyWebServer  : Netty started on port 8001
2023-03-18T18:30:59.051+03:00  INFO 59296 --- [restartedMain] c.e.s.SpringBootElasticSearchApplication : Started SpringBootElasticSearchApplication in 1.785 seconds (process running for 2.414)
2023-03-18T18:33:40.842+03:00  INFO 59520 --- [restartedMain] c.e.s.SpringBootElasticSearchApplication : Starting SpringBootElasticSearchApplication using Java 19.0.1 with PID 59520 (/Users/mertcan.poyraz/IdeaProjects/SpringBootElasticSearch/build/classes/java/main started by mertcan.poyraz in /Users/mertcan.poyraz/IdeaProjects/SpringBootElasticSearch)
2023-03-18T18:33:40.844+03:00  INFO 59520 --- [restartedMain] c.e.s.SpringBootElasticSearchApplication : No active profile set, falling back to 1 default profile: "default"
2023-03-18T18:33:40.896+03:00  INFO 59520 --- [restartedMain] .e.DevToolsPropertyDefaultsPostProcessor : Devtools property defaults active! Set 'spring.devtools.add-properties' to 'false' to disable
2023-03-18T18:33:40.897+03:00  INFO 59520 --- [restartedMain] .e.DevToolsPropertyDefaultsPostProcessor : For additional web related logging consider setting the 'logging.level.web' property to 'DEBUG'
2023-03-18T18:33:42.052+03:00  INFO 59520 --- [restartedMain] o.s.b.d.a.OptionalLiveReloadServer       : LiveReload server is running on port 35729
2023-03-18T18:33:42.493+03:00  INFO 59520 --- [restartedMain] o.s.b.web.embedded.netty.NettyWebServer  : Netty started on port 8001
2023-03-18T18:33:42.514+03:00  INFO 59520 --- [restartedMain] c.e.s.SpringBootElasticSearchApplication : Started SpringBootElasticSearchApplication in 2.08 seconds (process running for 2.683)
2023-03-18T18:36:37.445+03:00  INFO 59754 --- [restartedMain] c.e.s.SpringBootElasticSearchApplication : Starting SpringBootElasticSearchApplication using Java 19.0.1 with PID 59754 (/Users/mertcan.poyraz/IdeaProjects/SpringBootElasticSearch/build/classes/java/main started by mertcan.poyraz in /Users/mertcan.poyraz/IdeaProjects/SpringBootElasticSearch)
2023-03-18T18:36:37.447+03:00  INFO 59754 --- [restartedMain] c.e.s.SpringBootElasticSearchApplication : No active profile set, falling back to 1 default profile: "default"
2023-03-18T18:36:37.499+03:00  INFO 59754 --- [restartedMain] .e.DevToolsPropertyDefaultsPostProcessor : Devtools property defaults active! Set 'spring.devtools.add-properties' to 'false' to disable
2023-03-18T18:36:37.499+03:00  INFO 59754 --- [restartedMain] .e.DevToolsPropertyDefaultsPostProcessor : For additional web related logging consider setting the 'logging.level.web' property to 'DEBUG'
2023-03-18T18:36:38.693+03:00  INFO 59754 --- [restartedMain] o.s.b.d.a.OptionalLiveReloadServer       : LiveReload server is running on port 35729
2023-03-18T18:36:38.801+03:00  INFO 59754 --- [restartedMain] o.s.b.web.embedded.netty.NettyWebServer  : Netty started on port 8001
2023-03-18T18:36:38.810+03:00  INFO 59754 --- [restartedMain] c.e.s.SpringBootElasticSearchApplication : Started SpringBootElasticSearchApplication in 1.8 seconds (process running for 2.474)
2023-03-18T18:38:40.922+03:00  INFO 59933 --- [restartedMain] c.e.s.SpringBootElasticSearchApplication : Starting SpringBootElasticSearchApplication using Java 19.0.1 with PID 59933 (/Users/mertcan.poyraz/IdeaProjects/SpringBootElasticSearch/build/classes/java/main started by mertcan.poyraz in /Users/mertcan.poyraz/IdeaProjects/SpringBootElasticSearch)
2023-03-18T18:38:40.924+03:00  INFO 59933 --- [restartedMain] c.e.s.SpringBootElasticSearchApplication : No active profile set, falling back to 1 default profile: "default"
2023-03-18T18:38:40.976+03:00  INFO 59933 --- [restartedMain] .e.DevToolsPropertyDefaultsPostProcessor : Devtools property defaults active! Set 'spring.devtools.add-properties' to 'false' to disable
2023-03-18T18:38:40.977+03:00  INFO 59933 --- [restartedMain] .e.DevToolsPropertyDefaultsPostProcessor : For additional web related logging consider setting the 'logging.level.web' property to 'DEBUG'
2023-03-18T18:38:42.168+03:00  INFO 59933 --- [restartedMain] o.s.b.d.a.OptionalLiveReloadServer       : LiveReload server is running on port 35729
2023-03-18T18:38:42.280+03:00  INFO 59933 --- [restartedMain] o.s.b.web.embedded.netty.NettyWebServer  : Netty started on port 8001
2023-03-18T18:38:42.289+03:00  INFO 59933 --- [restartedMain] c.e.s.SpringBootElasticSearchApplication : Started SpringBootElasticSearchApplication in 1.791 seconds (process running for 2.437)
2023-03-18T18:39:45.281+03:00  INFO 60020 --- [restartedMain] c.e.s.SpringBootElasticSearchApplication : Starting SpringBootElasticSearchApplication using Java 19.0.1 with PID 60020 (/Users/mertcan.poyraz/IdeaProjects/SpringBootElasticSearch/build/classes/java/main started by mertcan.poyraz in /Users/mertcan.poyraz/IdeaProjects/SpringBootElasticSearch)
2023-03-18T18:39:45.283+03:00  INFO 60020 --- [restartedMain] c.e.s.SpringBootElasticSearchApplication : No active profile set, falling back to 1 default profile: "default"
2023-03-18T18:39:45.339+03:00  INFO 60020 --- [restartedMain] .e.DevToolsPropertyDefaultsPostProcessor : Devtools property defaults active! Set 'spring.devtools.add-properties' to 'false' to disable
2023-03-18T18:39:45.340+03:00  INFO 60020 --- [restartedMain] .e.DevToolsPropertyDefaultsPostProcessor : For additional web related logging consider setting the 'logging.level.web' property to 'DEBUG'
2023-03-18T18:39:46.568+03:00  INFO 60020 --- [restartedMain] o.s.b.d.a.OptionalLiveReloadServer       : LiveReload server is running on port 35729
2023-03-18T18:39:46.678+03:00  INFO 60020 --- [restartedMain] o.s.b.web.embedded.netty.NettyWebServer  : Netty started on port 8001
2023-03-18T18:39:46.687+03:00  INFO 60020 --- [restartedMain] c.e.s.SpringBootElasticSearchApplication : Started SpringBootElasticSearchApplication in 1.831 seconds (process running for 2.49)
2023-03-18T18:41:57.005+03:00  INFO 60181 --- [restartedMain] c.e.s.SpringBootElasticSearchApplication : Starting SpringBootElasticSearchApplication using Java 19.0.1 with PID 60181 (/Users/mertcan.poyraz/IdeaProjects/SpringBootElasticSearch/build/classes/java/main started by mertcan.poyraz in /Users/mertcan.poyraz/IdeaProjects/SpringBootElasticSearch)
2023-03-18T18:41:57.008+03:00  INFO 60181 --- [restartedMain] c.e.s.SpringBootElasticSearchApplication : No active profile set, falling back to 1 default profile: "default"
2023-03-18T18:41:57.073+03:00  INFO 60181 --- [restartedMain] .e.DevToolsPropertyDefaultsPostProcessor : Devtools property defaults active! Set 'spring.devtools.add-properties' to 'false' to disable
2023-03-18T18:41:57.074+03:00  INFO 60181 --- [restartedMain] .e.DevToolsPropertyDefaultsPostProcessor : For additional web related logging consider setting the 'logging.level.web' property to 'DEBUG'
2023-03-18T18:41:58.330+03:00  INFO 60181 --- [restartedMain] o.s.b.d.a.OptionalLiveReloadServer       : LiveReload server is running on port 35729
2023-03-18T18:41:58.438+03:00  INFO 60181 --- [restartedMain] o.s.b.web.embedded.netty.NettyWebServer  : Netty started on port 8001
2023-03-18T18:41:58.447+03:00  INFO 60181 --- [restartedMain] c.e.s.SpringBootElasticSearchApplication : Started SpringBootElasticSearchApplication in 1.849 seconds (process running for 2.453)
2023-03-18T18:49:32.033+03:00  INFO 60750 --- [restartedMain] c.e.s.SpringBootElasticSearchApplication : Starting SpringBootElasticSearchApplication using Java 19.0.1 with PID 60750 (/Users/mertcan.poyraz/IdeaProjects/SpringBootElasticSearch/build/classes/java/main started by mertcan.poyraz in /Users/mertcan.poyraz/IdeaProjects/SpringBootElasticSearch)
2023-03-18T18:49:32.036+03:00  INFO 60750 --- [restartedMain] c.e.s.SpringBootElasticSearchApplication : No active profile set, falling back to 1 default profile: "default"
2023-03-18T18:49:32.083+03:00  INFO 60750 --- [restartedMain] .e.DevToolsPropertyDefaultsPostProcessor : Devtools property defaults active! Set 'spring.devtools.add-properties' to 'false' to disable
2023-03-18T18:49:32.083+03:00  INFO 60750 --- [restartedMain] .e.DevToolsPropertyDefaultsPostProcessor : For additional web related logging consider setting the 'logging.level.web' property to 'DEBUG'
2023-03-18T18:49:33.232+03:00  INFO 60750 --- [restartedMain] o.s.b.d.a.OptionalLiveReloadServer       : LiveReload server is running on port 35729
2023-03-18T18:49:33.339+03:00  INFO 60750 --- [restartedMain] o.s.b.web.embedded.netty.NettyWebServer  : Netty started on port 8001
2023-03-18T18:49:33.349+03:00  INFO 60750 --- [restartedMain] c.e.s.SpringBootElasticSearchApplication : Started SpringBootElasticSearchApplication in 1.738 seconds (process running for 2.402)
2023-03-18T18:52:33.482+03:00  INFO 60973 --- [restartedMain] c.e.s.SpringBootElasticSearchApplication : Starting SpringBootElasticSearchApplication using Java 19.0.1 with PID 60973 (/Users/mertcan.poyraz/IdeaProjects/SpringBootElasticSearch/build/classes/java/main started by mertcan.poyraz in /Users/mertcan.poyraz/IdeaProjects/SpringBootElasticSearch)
2023-03-18T18:52:33.485+03:00  INFO 60973 --- [restartedMain] c.e.s.SpringBootElasticSearchApplication : No active profile set, falling back to 1 default profile: "default"
2023-03-18T18:52:33.541+03:00  INFO 60973 --- [restartedMain] .e.DevToolsPropertyDefaultsPostProcessor : Devtools property defaults active! Set 'spring.devtools.add-properties' to 'false' to disable
2023-03-18T18:52:33.541+03:00  INFO 60973 --- [restartedMain] .e.DevToolsPropertyDefaultsPostProcessor : For additional web related logging consider setting the 'logging.level.web' property to 'DEBUG'
2023-03-18T18:52:34.703+03:00  INFO 60973 --- [restartedMain] o.s.b.d.a.OptionalLiveReloadServer       : LiveReload server is running on port 35729
2023-03-18T18:52:34.812+03:00  INFO 60973 --- [restartedMain] o.s.b.web.embedded.netty.NettyWebServer  : Netty started on port 8001
2023-03-18T18:52:34.821+03:00  INFO 60973 --- [restartedMain] c.e.s.SpringBootElasticSearchApplication : Started SpringBootElasticSearchApplication in 1.804 seconds (process running for 2.456)
